debug: Wed, 01 Sep 2021 09:02:35 GMT
debug: Project: /Users/cocos/FirstProject2D
debug: Targets: editor,preview
debug: Packer deriver version file lost or format incorrect: Error: ENOENT: no such file or directory, open '/Users/cocos/FirstProject2D/temp/programming/packer-driver/VERSION'
debug: Clearing out the targets...
debug: Engine path: /Applications/CocosCreator/Creator/3.3.0/CocosCreator.app/Contents/Resources/resources/3d/engine
debug: Initializing target [Editor]
debug: Loading cache
debug: Module record file loaded failed with error: Error: ENOENT: no such file or directory, open '/Users/cocos/FirstProject2D/temp/programming/packer-driver/targets/editor/modules.json'
debug: Loading cache costs 0.464004997164011ms.
debug: Engine features shipped in editor: base,gfx-webgl,gfx-webgl2,3d,2d,ui,particle,particle-2d,physics-framework,physics-2d-framework,intersection-2d,primitive,profiler,audio,video,terrain,webview,tween,tiled-map,spine,dragon-bones
debug: Initializing target [Preview]
debug: Loading cache
debug: Module record file loaded failed with error: Error: ENOENT: no such file or directory, open '/Users/cocos/FirstProject2D/temp/programming/packer-driver/targets/preview/modules.json'
debug: Loading cache costs 0.44686899706721306ms.
debug: Sync engine features: base,gfx-webgl,2d,ui,physics-2d-box2d,intersection-2d,profiler,particle-2d,audio,video,webview,tween,tiled-map,spine,dragon-bones
debug: Pulling asset-db.
debug: Fetch asset-db cost: 5.82702299952507ms.
debug: Build iteration starts.
Number of accumulated asset changes: 0
Feature changed: false
debug: Target(editor) build started.
debug: Inspect cce:/internal/x/cc
debug: Resolve cce:/internal/x/cc-fu/base from cce:/internal/x/cc as external dependency cce:/internal/x/cc-fu/base.
debug: Resolve cce:/internal/x/cc-fu/gfx-webgl from cce:/internal/x/cc as external dependency cce:/internal/x/cc-fu/gfx-webgl.
debug: Resolve cce:/internal/x/cc-fu/gfx-webgl2 from cce:/internal/x/cc as external dependency cce:/internal/x/cc-fu/gfx-webgl2.
debug: Resolve cce:/internal/x/cc-fu/3d from cce:/internal/x/cc as external dependency cce:/internal/x/cc-fu/3d.
debug: Resolve cce:/internal/x/cc-fu/2d from cce:/internal/x/cc as external dependency cce:/internal/x/cc-fu/2d.
debug: Resolve cce:/internal/x/cc-fu/ui from cce:/internal/x/cc as external dependency cce:/internal/x/cc-fu/ui.
debug: Resolve cce:/internal/x/cc-fu/particle from cce:/internal/x/cc as external dependency cce:/internal/x/cc-fu/particle.
debug: Resolve cce:/internal/x/cc-fu/particle-2d from cce:/internal/x/cc as external dependency cce:/internal/x/cc-fu/particle-2d.
debug: Resolve cce:/internal/x/cc-fu/physics-framework from cce:/internal/x/cc as external dependency cce:/internal/x/cc-fu/physics-framework.
debug: Resolve cce:/internal/x/cc-fu/physics-2d-framework from cce:/internal/x/cc as external dependency cce:/internal/x/cc-fu/physics-2d-framework.
debug: Resolve cce:/internal/x/cc-fu/intersection-2d from cce:/internal/x/cc as external dependency cce:/internal/x/cc-fu/intersection-2d.
debug: Resolve cce:/internal/x/cc-fu/primitive from cce:/internal/x/cc as external dependency cce:/internal/x/cc-fu/primitive.
debug: Resolve cce:/internal/x/cc-fu/profiler from cce:/internal/x/cc as external dependency cce:/internal/x/cc-fu/profiler.
debug: Resolve cce:/internal/x/cc-fu/audio from cce:/internal/x/cc as external dependency cce:/internal/x/cc-fu/audio.
debug: Resolve cce:/internal/x/cc-fu/video from cce:/internal/x/cc as external dependency cce:/internal/x/cc-fu/video.
debug: Resolve cce:/internal/x/cc-fu/terrain from cce:/internal/x/cc as external dependency cce:/internal/x/cc-fu/terrain.
debug: Resolve cce:/internal/x/cc-fu/webview from cce:/internal/x/cc as external dependency cce:/internal/x/cc-fu/webview.
debug: Resolve cce:/internal/x/cc-fu/tween from cce:/internal/x/cc as external dependency cce:/internal/x/cc-fu/tween.
debug: Resolve cce:/internal/x/cc-fu/tiled-map from cce:/internal/x/cc as external dependency cce:/internal/x/cc-fu/tiled-map.
debug: Resolve cce:/internal/x/cc-fu/spine from cce:/internal/x/cc as external dependency cce:/internal/x/cc-fu/spine.
debug: Resolve cce:/internal/x/cc-fu/dragon-bones from cce:/internal/x/cc as external dependency cce:/internal/x/cc-fu/dragon-bones.
debug: Inspect cce:/internal/x/prerequisite-imports
debug: Target(editor) ends with cost 76.067312002182ms.
debug: Target(preview) build started.
debug: Inspect cce:/internal/x/cc
debug: Resolve cce:/internal/x/cc-fu/base from cce:/internal/x/cc as external dependency cce:/internal/x/cc-fu/base.
debug: Resolve cce:/internal/x/cc-fu/gfx-webgl from cce:/internal/x/cc as external dependency cce:/internal/x/cc-fu/gfx-webgl.
debug: Resolve cce:/internal/x/cc-fu/2d from cce:/internal/x/cc as external dependency cce:/internal/x/cc-fu/2d.
debug: Resolve cce:/internal/x/cc-fu/ui from cce:/internal/x/cc as external dependency cce:/internal/x/cc-fu/ui.
debug: Resolve cce:/internal/x/cc-fu/physics-2d-box2d from cce:/internal/x/cc as external dependency cce:/internal/x/cc-fu/physics-2d-box2d.
debug: Resolve cce:/internal/x/cc-fu/physics-2d-framework from cce:/internal/x/cc as external dependency cce:/internal/x/cc-fu/physics-2d-framework.
debug: Resolve cce:/internal/x/cc-fu/intersection-2d from cce:/internal/x/cc as external dependency cce:/internal/x/cc-fu/intersection-2d.
debug: Resolve cce:/internal/x/cc-fu/profiler from cce:/internal/x/cc as external dependency cce:/internal/x/cc-fu/profiler.
debug: Resolve cce:/internal/x/cc-fu/particle-2d from cce:/internal/x/cc as external dependency cce:/internal/x/cc-fu/particle-2d.
debug: Resolve cce:/internal/x/cc-fu/audio from cce:/internal/x/cc as external dependency cce:/internal/x/cc-fu/audio.
debug: Resolve cce:/internal/x/cc-fu/video from cce:/internal/x/cc as external dependency cce:/internal/x/cc-fu/video.
debug: Resolve cce:/internal/x/cc-fu/webview from cce:/internal/x/cc as external dependency cce:/internal/x/cc-fu/webview.
debug: Resolve cce:/internal/x/cc-fu/tween from cce:/internal/x/cc as external dependency cce:/internal/x/cc-fu/tween.
debug: Resolve cce:/internal/x/cc-fu/tiled-map from cce:/internal/x/cc as external dependency cce:/internal/x/cc-fu/tiled-map.
debug: Resolve cce:/internal/x/cc-fu/spine from cce:/internal/x/cc as external dependency cce:/internal/x/cc-fu/spine.
debug: Resolve cce:/internal/x/cc-fu/dragon-bones from cce:/internal/x/cc as external dependency cce:/internal/x/cc-fu/dragon-bones.
debug: Inspect cce:/internal/x/prerequisite-imports
debug: Target(preview) ends with cost 45.16361000016332ms.
debug: Dispatch build request for time accumulated 1 asset changes.
debug: Build iteration starts.
Number of accumulated asset changes: 1
Feature changed: false
debug: Target(editor) build started.
debug: Detected change: cce:/internal/x/prerequisite-imports. Last mtime: Thu Jan 01 1970 05:30:06 GMT+0530 (India Standard Time), Current mtime: Thu Jan 01 1970 06:20:51 GMT+0530 (India Standard Time)
debug: Inspect cce:/internal/x/prerequisite-imports
debug: Resolve file:///Users/cocos/FirstProject2D/assets/Scripts/movement.ts from cce:/internal/x/prerequisite-imports as file:///Users/cocos/FirstProject2D/assets/Scripts/movement.ts.
debug: Inspect file:///Users/cocos/FirstProject2D/assets/Scripts/movement.ts
debug: Resolve cc from file:///Users/cocos/FirstProject2D/assets/Scripts/movement.ts as cce:/internal/x/cc.
debug: Resolve cc from file:///Users/cocos/FirstProject2D/assets/Scripts/movement.ts as cce:/internal/x/cc.
debug: Target(editor) ends with cost 38.57868900150061ms.
debug: Target(preview) build started.
debug: Detected change: cce:/internal/x/prerequisite-imports. Last mtime: Thu Jan 01 1970 05:30:06 GMT+0530 (India Standard Time), Current mtime: Thu Jan 01 1970 06:20:51 GMT+0530 (India Standard Time)
debug: Inspect cce:/internal/x/prerequisite-imports
debug: Resolve file:///Users/cocos/FirstProject2D/assets/Scripts/movement.ts from cce:/internal/x/prerequisite-imports as file:///Users/cocos/FirstProject2D/assets/Scripts/movement.ts.
debug: Inspect file:///Users/cocos/FirstProject2D/assets/Scripts/movement.ts
debug: Resolve cc from file:///Users/cocos/FirstProject2D/assets/Scripts/movement.ts as cce:/internal/x/cc.
debug: Resolve cc from file:///Users/cocos/FirstProject2D/assets/Scripts/movement.ts as cce:/internal/x/cc.
debug: Target(preview) ends with cost 143.37356700003147ms.
debug: Dispatch build request for time accumulated 1 asset changes.
debug: Build iteration starts.
Number of accumulated asset changes: 1
Feature changed: false
debug: Target(editor) build started.
debug: Detected change: cce:/internal/x/prerequisite-imports. Last mtime: Thu Jan 01 1970 06:20:51 GMT+0530 (India Standard Time), Current mtime: Thu Jan 01 1970 06:33:05 GMT+0530 (India Standard Time)
debug: Inspect cce:/internal/x/prerequisite-imports
debug: Resolve file:///Users/cocos/FirstProject2D/assets/Scripts/movement.ts from cce:/internal/x/prerequisite-imports as file:///Users/cocos/FirstProject2D/assets/Scripts/movement.ts.
debug: Detected change: file:///Users/cocos/FirstProject2D/assets/Scripts/movement.ts. Last mtime: Wed Sep 01 2021 15:23:20 GMT+0530 (India Standard Time), Current mtime: Wed Sep 01 2021 15:35:33 GMT+0530 (India Standard Time)
debug: Inspect file:///Users/cocos/FirstProject2D/assets/Scripts/movement.ts
debug: Resolve cc from file:///Users/cocos/FirstProject2D/assets/Scripts/movement.ts as cce:/internal/x/cc.
debug: Resolve cc from file:///Users/cocos/FirstProject2D/assets/Scripts/movement.ts as cce:/internal/x/cc.
debug: Target(editor) ends with cost 47.56199100241065ms.
debug: Target(preview) build started.
debug: Detected change: cce:/internal/x/prerequisite-imports. Last mtime: Thu Jan 01 1970 06:20:51 GMT+0530 (India Standard Time), Current mtime: Thu Jan 01 1970 06:33:05 GMT+0530 (India Standard Time)
debug: Inspect cce:/internal/x/prerequisite-imports
debug: Resolve file:///Users/cocos/FirstProject2D/assets/Scripts/movement.ts from cce:/internal/x/prerequisite-imports as file:///Users/cocos/FirstProject2D/assets/Scripts/movement.ts.
debug: Detected change: file:///Users/cocos/FirstProject2D/assets/Scripts/movement.ts. Last mtime: Wed Sep 01 2021 15:23:20 GMT+0530 (India Standard Time), Current mtime: Wed Sep 01 2021 15:35:33 GMT+0530 (India Standard Time)
debug: Inspect file:///Users/cocos/FirstProject2D/assets/Scripts/movement.ts
debug: Resolve cc from file:///Users/cocos/FirstProject2D/assets/Scripts/movement.ts as cce:/internal/x/cc.
debug: Resolve cc from file:///Users/cocos/FirstProject2D/assets/Scripts/movement.ts as cce:/internal/x/cc.
debug: Target(preview) ends with cost 53.04067200049758ms.
debug: Dispatch build request for time accumulated 1 asset changes.
debug: Build iteration starts.
Number of accumulated asset changes: 1
Feature changed: false
debug: Target(editor) build started.
debug: Detected change: cce:/internal/x/prerequisite-imports. Last mtime: Thu Jan 01 1970 06:33:05 GMT+0530 (India Standard Time), Current mtime: Thu Jan 01 1970 06:33:23 GMT+0530 (India Standard Time)
debug: Inspect cce:/internal/x/prerequisite-imports
debug: Resolve file:///Users/cocos/FirstProject2D/assets/Scripts/movement.ts from cce:/internal/x/prerequisite-imports as file:///Users/cocos/FirstProject2D/assets/Scripts/movement.ts.
debug: Detected change: file:///Users/cocos/FirstProject2D/assets/Scripts/movement.ts. Last mtime: Wed Sep 01 2021 15:35:33 GMT+0530 (India Standard Time), Current mtime: Wed Sep 01 2021 15:35:50 GMT+0530 (India Standard Time)
debug: Inspect file:///Users/cocos/FirstProject2D/assets/Scripts/movement.ts
debug: Resolve cc from file:///Users/cocos/FirstProject2D/assets/Scripts/movement.ts as cce:/internal/x/cc.
debug: Resolve cc from file:///Users/cocos/FirstProject2D/assets/Scripts/movement.ts as cce:/internal/x/cc.
debug: Target(editor) ends with cost 41.1774209998548ms.
debug: Target(preview) build started.
debug: Detected change: cce:/internal/x/prerequisite-imports. Last mtime: Thu Jan 01 1970 06:33:05 GMT+0530 (India Standard Time), Current mtime: Thu Jan 01 1970 06:33:23 GMT+0530 (India Standard Time)
debug: Inspect cce:/internal/x/prerequisite-imports
debug: Resolve file:///Users/cocos/FirstProject2D/assets/Scripts/movement.ts from cce:/internal/x/prerequisite-imports as file:///Users/cocos/FirstProject2D/assets/Scripts/movement.ts.
debug: Detected change: file:///Users/cocos/FirstProject2D/assets/Scripts/movement.ts. Last mtime: Wed Sep 01 2021 15:35:33 GMT+0530 (India Standard Time), Current mtime: Wed Sep 01 2021 15:35:50 GMT+0530 (India Standard Time)
debug: Inspect file:///Users/cocos/FirstProject2D/assets/Scripts/movement.ts
debug: Resolve cc from file:///Users/cocos/FirstProject2D/assets/Scripts/movement.ts as cce:/internal/x/cc.
debug: Resolve cc from file:///Users/cocos/FirstProject2D/assets/Scripts/movement.ts as cce:/internal/x/cc.
debug: Target(preview) ends with cost 57.11726400256157ms.
debug: Dispatch build request for time accumulated 1 asset changes.
debug: Build iteration starts.
Number of accumulated asset changes: 1
Feature changed: false
debug: Target(editor) build started.
debug: Detected change: cce:/internal/x/prerequisite-imports. Last mtime: Thu Jan 01 1970 06:33:23 GMT+0530 (India Standard Time), Current mtime: Thu Jan 01 1970 06:36:44 GMT+0530 (India Standard Time)
debug: Inspect cce:/internal/x/prerequisite-imports
debug: Resolve file:///Users/cocos/FirstProject2D/assets/Scripts/movement.ts from cce:/internal/x/prerequisite-imports as file:///Users/cocos/FirstProject2D/assets/Scripts/movement.ts.
debug: Detected change: file:///Users/cocos/FirstProject2D/assets/Scripts/movement.ts. Last mtime: Wed Sep 01 2021 15:35:50 GMT+0530 (India Standard Time), Current mtime: Wed Sep 01 2021 15:39:11 GMT+0530 (India Standard Time)
debug: Inspect file:///Users/cocos/FirstProject2D/assets/Scripts/movement.ts
debug: Resolve cc from file:///Users/cocos/FirstProject2D/assets/Scripts/movement.ts as cce:/internal/x/cc.
debug: Resolve cc from file:///Users/cocos/FirstProject2D/assets/Scripts/movement.ts as cce:/internal/x/cc.
debug: Target(editor) ends with cost 67.92391800135374ms.
debug: Target(preview) build started.
debug: Detected change: cce:/internal/x/prerequisite-imports. Last mtime: Thu Jan 01 1970 06:33:23 GMT+0530 (India Standard Time), Current mtime: Thu Jan 01 1970 06:36:44 GMT+0530 (India Standard Time)
debug: Inspect cce:/internal/x/prerequisite-imports
debug: Resolve file:///Users/cocos/FirstProject2D/assets/Scripts/movement.ts from cce:/internal/x/prerequisite-imports as file:///Users/cocos/FirstProject2D/assets/Scripts/movement.ts.
debug: Detected change: file:///Users/cocos/FirstProject2D/assets/Scripts/movement.ts. Last mtime: Wed Sep 01 2021 15:35:50 GMT+0530 (India Standard Time), Current mtime: Wed Sep 01 2021 15:39:11 GMT+0530 (India Standard Time)
debug: Inspect file:///Users/cocos/FirstProject2D/assets/Scripts/movement.ts
debug: Resolve cc from file:///Users/cocos/FirstProject2D/assets/Scripts/movement.ts as cce:/internal/x/cc.
debug: Resolve cc from file:///Users/cocos/FirstProject2D/assets/Scripts/movement.ts as cce:/internal/x/cc.
debug: Target(preview) ends with cost 63.88094500079751ms.
debug: Dispatch build request for time accumulated 1 asset changes.
debug: Build iteration starts.
Number of accumulated asset changes: 1
Feature changed: false
debug: Target(editor) build started.
debug: Detected change: cce:/internal/x/prerequisite-imports. Last mtime: Thu Jan 01 1970 06:36:44 GMT+0530 (India Standard Time), Current mtime: Thu Jan 01 1970 06:37:00 GMT+0530 (India Standard Time)
debug: Inspect cce:/internal/x/prerequisite-imports
debug: Resolve file:///Users/cocos/FirstProject2D/assets/Scripts/movement.ts from cce:/internal/x/prerequisite-imports as file:///Users/cocos/FirstProject2D/assets/Scripts/movement.ts.
debug: Detected change: file:///Users/cocos/FirstProject2D/assets/Scripts/movement.ts. Last mtime: Wed Sep 01 2021 15:39:11 GMT+0530 (India Standard Time), Current mtime: Wed Sep 01 2021 15:39:28 GMT+0530 (India Standard Time)
debug: Inspect file:///Users/cocos/FirstProject2D/assets/Scripts/movement.ts
debug: Resolve cc from file:///Users/cocos/FirstProject2D/assets/Scripts/movement.ts as cce:/internal/x/cc.
debug: Resolve cc from file:///Users/cocos/FirstProject2D/assets/Scripts/movement.ts as cce:/internal/x/cc.
debug: Target(editor) ends with cost 35.4201970025897ms.
debug: Target(preview) build started.
debug: Detected change: cce:/internal/x/prerequisite-imports. Last mtime: Thu Jan 01 1970 06:36:44 GMT+0530 (India Standard Time), Current mtime: Thu Jan 01 1970 06:37:00 GMT+0530 (India Standard Time)
debug: Inspect cce:/internal/x/prerequisite-imports
debug: Resolve file:///Users/cocos/FirstProject2D/assets/Scripts/movement.ts from cce:/internal/x/prerequisite-imports as file:///Users/cocos/FirstProject2D/assets/Scripts/movement.ts.
debug: Detected change: file:///Users/cocos/FirstProject2D/assets/Scripts/movement.ts. Last mtime: Wed Sep 01 2021 15:39:11 GMT+0530 (India Standard Time), Current mtime: Wed Sep 01 2021 15:39:28 GMT+0530 (India Standard Time)
debug: Inspect file:///Users/cocos/FirstProject2D/assets/Scripts/movement.ts
debug: Resolve cc from file:///Users/cocos/FirstProject2D/assets/Scripts/movement.ts as cce:/internal/x/cc.
debug: Resolve cc from file:///Users/cocos/FirstProject2D/assets/Scripts/movement.ts as cce:/internal/x/cc.
debug: Target(preview) ends with cost 56.2986689992249ms.
debug: Dispatch build request for time accumulated 1 asset changes.
debug: Build iteration starts.
Number of accumulated asset changes: 1
Feature changed: false
debug: Target(editor) build started.
debug: Detected change: cce:/internal/x/prerequisite-imports. Last mtime: Thu Jan 01 1970 06:37:00 GMT+0530 (India Standard Time), Current mtime: Thu Jan 01 1970 06:37:28 GMT+0530 (India Standard Time)
debug: Inspect cce:/internal/x/prerequisite-imports
debug: Resolve file:///Users/cocos/FirstProject2D/assets/Scripts/movement.ts from cce:/internal/x/prerequisite-imports as file:///Users/cocos/FirstProject2D/assets/Scripts/movement.ts.
debug: Detected change: file:///Users/cocos/FirstProject2D/assets/Scripts/movement.ts. Last mtime: Wed Sep 01 2021 15:39:28 GMT+0530 (India Standard Time), Current mtime: Wed Sep 01 2021 15:39:56 GMT+0530 (India Standard Time)
debug: Inspect file:///Users/cocos/FirstProject2D/assets/Scripts/movement.ts
debug: Resolve cc from file:///Users/cocos/FirstProject2D/assets/Scripts/movement.ts as cce:/internal/x/cc.
debug: Resolve cc from file:///Users/cocos/FirstProject2D/assets/Scripts/movement.ts as cce:/internal/x/cc.
debug: Target(editor) ends with cost 35.16132800281048ms.
debug: Target(preview) build started.
debug: Detected change: cce:/internal/x/prerequisite-imports. Last mtime: Thu Jan 01 1970 06:37:00 GMT+0530 (India Standard Time), Current mtime: Thu Jan 01 1970 06:37:28 GMT+0530 (India Standard Time)
debug: Inspect cce:/internal/x/prerequisite-imports
debug: Resolve file:///Users/cocos/FirstProject2D/assets/Scripts/movement.ts from cce:/internal/x/prerequisite-imports as file:///Users/cocos/FirstProject2D/assets/Scripts/movement.ts.
debug: Detected change: file:///Users/cocos/FirstProject2D/assets/Scripts/movement.ts. Last mtime: Wed Sep 01 2021 15:39:28 GMT+0530 (India Standard Time), Current mtime: Wed Sep 01 2021 15:39:56 GMT+0530 (India Standard Time)
debug: Inspect file:///Users/cocos/FirstProject2D/assets/Scripts/movement.ts
debug: Resolve cc from file:///Users/cocos/FirstProject2D/assets/Scripts/movement.ts as cce:/internal/x/cc.
debug: Resolve cc from file:///Users/cocos/FirstProject2D/assets/Scripts/movement.ts as cce:/internal/x/cc.
debug: Target(preview) ends with cost 52.68078299984336ms.
debug: Dispatch build request for time accumulated 1 asset changes.
debug: Build iteration starts.
Number of accumulated asset changes: 1
Feature changed: false
debug: Target(editor) build started.
debug: Detected change: cce:/internal/x/prerequisite-imports. Last mtime: Thu Jan 01 1970 06:37:28 GMT+0530 (India Standard Time), Current mtime: Thu Jan 01 1970 06:39:17 GMT+0530 (India Standard Time)
debug: Inspect cce:/internal/x/prerequisite-imports
debug: Resolve file:///Users/cocos/FirstProject2D/assets/Scripts/movement.ts from cce:/internal/x/prerequisite-imports as file:///Users/cocos/FirstProject2D/assets/Scripts/movement.ts.
debug: Detected change: file:///Users/cocos/FirstProject2D/assets/Scripts/movement.ts. Last mtime: Wed Sep 01 2021 15:39:56 GMT+0530 (India Standard Time), Current mtime: Wed Sep 01 2021 15:40:15 GMT+0530 (India Standard Time)
debug: Inspect file:///Users/cocos/FirstProject2D/assets/Scripts/movement.ts
debug: Resolve cc from file:///Users/cocos/FirstProject2D/assets/Scripts/movement.ts as cce:/internal/x/cc.
debug: Resolve cc from file:///Users/cocos/FirstProject2D/assets/Scripts/movement.ts as cce:/internal/x/cc.
debug: Target(editor) ends with cost 34.24388999864459ms.
debug: Target(preview) build started.
debug: Detected change: cce:/internal/x/prerequisite-imports. Last mtime: Thu Jan 01 1970 06:37:28 GMT+0530 (India Standard Time), Current mtime: Thu Jan 01 1970 06:39:17 GMT+0530 (India Standard Time)
debug: Inspect cce:/internal/x/prerequisite-imports
debug: Resolve file:///Users/cocos/FirstProject2D/assets/Scripts/movement.ts from cce:/internal/x/prerequisite-imports as file:///Users/cocos/FirstProject2D/assets/Scripts/movement.ts.
debug: Detected change: file:///Users/cocos/FirstProject2D/assets/Scripts/movement.ts. Last mtime: Wed Sep 01 2021 15:39:56 GMT+0530 (India Standard Time), Current mtime: Wed Sep 01 2021 15:40:15 GMT+0530 (India Standard Time)
debug: Inspect file:///Users/cocos/FirstProject2D/assets/Scripts/movement.ts
debug: Resolve cc from file:///Users/cocos/FirstProject2D/assets/Scripts/movement.ts as cce:/internal/x/cc.
debug: Resolve cc from file:///Users/cocos/FirstProject2D/assets/Scripts/movement.ts as cce:/internal/x/cc.
debug: Target(preview) ends with cost 48.383946001529694ms.
debug: Dispatch build request for time accumulated 1 asset changes.
debug: Build iteration starts.
Number of accumulated asset changes: 1
Feature changed: false
debug: Target(editor) build started.
debug: Detected change: cce:/internal/x/prerequisite-imports. Last mtime: Thu Jan 01 1970 06:39:17 GMT+0530 (India Standard Time), Current mtime: Thu Jan 01 1970 06:44:22 GMT+0530 (India Standard Time)
debug: Inspect cce:/internal/x/prerequisite-imports
debug: Resolve file:///Users/cocos/FirstProject2D/assets/Scripts/movement.ts from cce:/internal/x/prerequisite-imports as file:///Users/cocos/FirstProject2D/assets/Scripts/movement.ts.
debug: Detected change: file:///Users/cocos/FirstProject2D/assets/Scripts/movement.ts. Last mtime: Wed Sep 01 2021 15:40:15 GMT+0530 (India Standard Time), Current mtime: Wed Sep 01 2021 15:46:49 GMT+0530 (India Standard Time)
debug: Inspect file:///Users/cocos/FirstProject2D/assets/Scripts/movement.ts
debug: Resolve cc from file:///Users/cocos/FirstProject2D/assets/Scripts/movement.ts as cce:/internal/x/cc.
debug: Resolve cc from file:///Users/cocos/FirstProject2D/assets/Scripts/movement.ts as cce:/internal/x/cc.
debug: Target(editor) ends with cost 38.59160500019789ms.
debug: Target(preview) build started.
debug: Detected change: cce:/internal/x/prerequisite-imports. Last mtime: Thu Jan 01 1970 06:39:17 GMT+0530 (India Standard Time), Current mtime: Thu Jan 01 1970 06:44:22 GMT+0530 (India Standard Time)
debug: Inspect cce:/internal/x/prerequisite-imports
debug: Resolve file:///Users/cocos/FirstProject2D/assets/Scripts/movement.ts from cce:/internal/x/prerequisite-imports as file:///Users/cocos/FirstProject2D/assets/Scripts/movement.ts.
debug: Detected change: file:///Users/cocos/FirstProject2D/assets/Scripts/movement.ts. Last mtime: Wed Sep 01 2021 15:40:15 GMT+0530 (India Standard Time), Current mtime: Wed Sep 01 2021 15:46:49 GMT+0530 (India Standard Time)
debug: Inspect file:///Users/cocos/FirstProject2D/assets/Scripts/movement.ts
debug: Resolve cc from file:///Users/cocos/FirstProject2D/assets/Scripts/movement.ts as cce:/internal/x/cc.
debug: Resolve cc from file:///Users/cocos/FirstProject2D/assets/Scripts/movement.ts as cce:/internal/x/cc.
debug: Target(preview) ends with cost 56.72707499936223ms.
debug: Dispatch build request for time accumulated 1 asset changes.
debug: Build iteration starts.
Number of accumulated asset changes: 1
Feature changed: false
debug: Target(editor) build started.
debug: Detected change: cce:/internal/x/prerequisite-imports. Last mtime: Thu Jan 01 1970 06:44:22 GMT+0530 (India Standard Time), Current mtime: Thu Jan 01 1970 06:45:43 GMT+0530 (India Standard Time)
debug: Inspect cce:/internal/x/prerequisite-imports
debug: Resolve file:///Users/cocos/FirstProject2D/assets/Scripts/movement.ts from cce:/internal/x/prerequisite-imports as file:///Users/cocos/FirstProject2D/assets/Scripts/movement.ts.
debug: Detected change: file:///Users/cocos/FirstProject2D/assets/Scripts/movement.ts. Last mtime: Wed Sep 01 2021 15:46:49 GMT+0530 (India Standard Time), Current mtime: Wed Sep 01 2021 15:48:11 GMT+0530 (India Standard Time)
debug: Inspect file:///Users/cocos/FirstProject2D/assets/Scripts/movement.ts
debug: Resolve cc from file:///Users/cocos/FirstProject2D/assets/Scripts/movement.ts as cce:/internal/x/cc.
debug: Resolve cc from file:///Users/cocos/FirstProject2D/assets/Scripts/movement.ts as cce:/internal/x/cc.
debug: Target(editor) ends with cost 35.27380000054836ms.
debug: Target(preview) build started.
debug: Detected change: cce:/internal/x/prerequisite-imports. Last mtime: Thu Jan 01 1970 06:44:22 GMT+0530 (India Standard Time), Current mtime: Thu Jan 01 1970 06:45:43 GMT+0530 (India Standard Time)
debug: Inspect cce:/internal/x/prerequisite-imports
debug: Resolve file:///Users/cocos/FirstProject2D/assets/Scripts/movement.ts from cce:/internal/x/prerequisite-imports as file:///Users/cocos/FirstProject2D/assets/Scripts/movement.ts.
debug: Detected change: file:///Users/cocos/FirstProject2D/assets/Scripts/movement.ts. Last mtime: Wed Sep 01 2021 15:46:49 GMT+0530 (India Standard Time), Current mtime: Wed Sep 01 2021 15:48:11 GMT+0530 (India Standard Time)
debug: Inspect file:///Users/cocos/FirstProject2D/assets/Scripts/movement.ts
debug: Resolve cc from file:///Users/cocos/FirstProject2D/assets/Scripts/movement.ts as cce:/internal/x/cc.
debug: Resolve cc from file:///Users/cocos/FirstProject2D/assets/Scripts/movement.ts as cce:/internal/x/cc.
debug: Target(preview) ends with cost 52.329684998840094ms.
debug: Dispatch build request for time accumulated 1 asset changes.
debug: Build iteration starts.
Number of accumulated asset changes: 1
Feature changed: false
debug: Target(editor) build started.
debug: Detected change: cce:/internal/x/prerequisite-imports. Last mtime: Thu Jan 01 1970 06:45:43 GMT+0530 (India Standard Time), Current mtime: Thu Jan 01 1970 06:46:00 GMT+0530 (India Standard Time)
debug: Inspect cce:/internal/x/prerequisite-imports
debug: Resolve file:///Users/cocos/FirstProject2D/assets/Scripts/movement.ts from cce:/internal/x/prerequisite-imports as file:///Users/cocos/FirstProject2D/assets/Scripts/movement.ts.
debug: Detected change: file:///Users/cocos/FirstProject2D/assets/Scripts/movement.ts. Last mtime: Wed Sep 01 2021 15:48:11 GMT+0530 (India Standard Time), Current mtime: Wed Sep 01 2021 15:48:26 GMT+0530 (India Standard Time)
debug: Inspect file:///Users/cocos/FirstProject2D/assets/Scripts/movement.ts
debug: Resolve cc from file:///Users/cocos/FirstProject2D/assets/Scripts/movement.ts as cce:/internal/x/cc.
debug: Resolve cc from file:///Users/cocos/FirstProject2D/assets/Scripts/movement.ts as cce:/internal/x/cc.
debug: Target(editor) ends with cost 32.31630999967456ms.
debug: Target(preview) build started.
debug: Detected change: cce:/internal/x/prerequisite-imports. Last mtime: Thu Jan 01 1970 06:45:43 GMT+0530 (India Standard Time), Current mtime: Thu Jan 01 1970 06:46:00 GMT+0530 (India Standard Time)
debug: Inspect cce:/internal/x/prerequisite-imports
debug: Resolve file:///Users/cocos/FirstProject2D/assets/Scripts/movement.ts from cce:/internal/x/prerequisite-imports as file:///Users/cocos/FirstProject2D/assets/Scripts/movement.ts.
debug: Detected change: file:///Users/cocos/FirstProject2D/assets/Scripts/movement.ts. Last mtime: Wed Sep 01 2021 15:48:11 GMT+0530 (India Standard Time), Current mtime: Wed Sep 01 2021 15:48:26 GMT+0530 (India Standard Time)
debug: Inspect file:///Users/cocos/FirstProject2D/assets/Scripts/movement.ts
debug: Resolve cc from file:///Users/cocos/FirstProject2D/assets/Scripts/movement.ts as cce:/internal/x/cc.
debug: Resolve cc from file:///Users/cocos/FirstProject2D/assets/Scripts/movement.ts as cce:/internal/x/cc.
debug: Target(preview) ends with cost 50.95873500034213ms.
debug: Dispatch build request for time accumulated 1 asset changes.
debug: Build iteration starts.
Number of accumulated asset changes: 1
Feature changed: false
debug: Target(editor) build started.
debug: Detected change: cce:/internal/x/prerequisite-imports. Last mtime: Thu Jan 01 1970 06:46:00 GMT+0530 (India Standard Time), Current mtime: Thu Jan 01 1970 06:46:24 GMT+0530 (India Standard Time)
debug: Inspect cce:/internal/x/prerequisite-imports
debug: Resolve file:///Users/cocos/FirstProject2D/assets/Scripts/movement.ts from cce:/internal/x/prerequisite-imports as file:///Users/cocos/FirstProject2D/assets/Scripts/movement.ts.
debug: Detected change: file:///Users/cocos/FirstProject2D/assets/Scripts/movement.ts. Last mtime: Wed Sep 01 2021 15:48:26 GMT+0530 (India Standard Time), Current mtime: Wed Sep 01 2021 15:48:52 GMT+0530 (India Standard Time)
debug: Inspect file:///Users/cocos/FirstProject2D/assets/Scripts/movement.ts
debug: Resolve cc from file:///Users/cocos/FirstProject2D/assets/Scripts/movement.ts as cce:/internal/x/cc.
debug: Resolve cc from file:///Users/cocos/FirstProject2D/assets/Scripts/movement.ts as cce:/internal/x/cc.
debug: Target(editor) ends with cost 32.13943500071764ms.
debug: Target(preview) build started.
debug: Detected change: cce:/internal/x/prerequisite-imports. Last mtime: Thu Jan 01 1970 06:46:00 GMT+0530 (India Standard Time), Current mtime: Thu Jan 01 1970 06:46:24 GMT+0530 (India Standard Time)
debug: Inspect cce:/internal/x/prerequisite-imports
debug: Resolve file:///Users/cocos/FirstProject2D/assets/Scripts/movement.ts from cce:/internal/x/prerequisite-imports as file:///Users/cocos/FirstProject2D/assets/Scripts/movement.ts.
debug: Detected change: file:///Users/cocos/FirstProject2D/assets/Scripts/movement.ts. Last mtime: Wed Sep 01 2021 15:48:26 GMT+0530 (India Standard Time), Current mtime: Wed Sep 01 2021 15:48:52 GMT+0530 (India Standard Time)
debug: Inspect file:///Users/cocos/FirstProject2D/assets/Scripts/movement.ts
debug: Resolve cc from file:///Users/cocos/FirstProject2D/assets/Scripts/movement.ts as cce:/internal/x/cc.
debug: Resolve cc from file:///Users/cocos/FirstProject2D/assets/Scripts/movement.ts as cce:/internal/x/cc.
debug: Target(preview) ends with cost 49.74000000208616ms.
debug: Dispatch build request for time accumulated 1 asset changes.
debug: Build iteration starts.
Number of accumulated asset changes: 1
Feature changed: false
debug: Target(editor) build started.
debug: Detected change: cce:/internal/x/prerequisite-imports. Last mtime: Thu Jan 01 1970 06:46:24 GMT+0530 (India Standard Time), Current mtime: Thu Jan 01 1970 06:47:18 GMT+0530 (India Standard Time)
debug: Inspect cce:/internal/x/prerequisite-imports
debug: Resolve file:///Users/cocos/FirstProject2D/assets/Scripts/movement.ts from cce:/internal/x/prerequisite-imports as file:///Users/cocos/FirstProject2D/assets/Scripts/movement.ts.
debug: Detected change: file:///Users/cocos/FirstProject2D/assets/Scripts/movement.ts. Last mtime: Wed Sep 01 2021 15:48:52 GMT+0530 (India Standard Time), Current mtime: Wed Sep 01 2021 15:49:45 GMT+0530 (India Standard Time)
debug: Inspect file:///Users/cocos/FirstProject2D/assets/Scripts/movement.ts
debug: Resolve cc from file:///Users/cocos/FirstProject2D/assets/Scripts/movement.ts as cce:/internal/x/cc.
debug: Resolve cc from file:///Users/cocos/FirstProject2D/assets/Scripts/movement.ts as cce:/internal/x/cc.
debug: Target(editor) ends with cost 29.137870002537966ms.
debug: Target(preview) build started.
debug: Detected change: cce:/internal/x/prerequisite-imports. Last mtime: Thu Jan 01 1970 06:46:24 GMT+0530 (India Standard Time), Current mtime: Thu Jan 01 1970 06:47:18 GMT+0530 (India Standard Time)
debug: Inspect cce:/internal/x/prerequisite-imports
debug: Resolve file:///Users/cocos/FirstProject2D/assets/Scripts/movement.ts from cce:/internal/x/prerequisite-imports as file:///Users/cocos/FirstProject2D/assets/Scripts/movement.ts.
debug: Detected change: file:///Users/cocos/FirstProject2D/assets/Scripts/movement.ts. Last mtime: Wed Sep 01 2021 15:48:52 GMT+0530 (India Standard Time), Current mtime: Wed Sep 01 2021 15:49:45 GMT+0530 (India Standard Time)
debug: Inspect file:///Users/cocos/FirstProject2D/assets/Scripts/movement.ts
debug: Resolve cc from file:///Users/cocos/FirstProject2D/assets/Scripts/movement.ts as cce:/internal/x/cc.
debug: Resolve cc from file:///Users/cocos/FirstProject2D/assets/Scripts/movement.ts as cce:/internal/x/cc.
debug: Target(preview) ends with cost 47.32062200084329ms.
debug: Dispatch build request for time accumulated 1 asset changes.
debug: Build iteration starts.
Number of accumulated asset changes: 1
Feature changed: false
debug: Target(editor) build started.
debug: Detected change: cce:/internal/x/prerequisite-imports. Last mtime: Thu Jan 01 1970 06:47:18 GMT+0530 (India Standard Time), Current mtime: Thu Jan 01 1970 06:48:55 GMT+0530 (India Standard Time)
debug: Inspect cce:/internal/x/prerequisite-imports
debug: Resolve file:///Users/cocos/FirstProject2D/assets/Scripts/movement.ts from cce:/internal/x/prerequisite-imports as file:///Users/cocos/FirstProject2D/assets/Scripts/movement.ts.
debug: Detected change: file:///Users/cocos/FirstProject2D/assets/Scripts/movement.ts. Last mtime: Wed Sep 01 2021 15:49:45 GMT+0530 (India Standard Time), Current mtime: Wed Sep 01 2021 15:51:24 GMT+0530 (India Standard Time)
debug: Inspect file:///Users/cocos/FirstProject2D/assets/Scripts/movement.ts
debug: Resolve cc from file:///Users/cocos/FirstProject2D/assets/Scripts/movement.ts as cce:/internal/x/cc.
debug: Resolve cc from file:///Users/cocos/FirstProject2D/assets/Scripts/movement.ts as cce:/internal/x/cc.
debug: Target(editor) ends with cost 41.44461100175977ms.
debug: Target(preview) build started.
debug: Detected change: cce:/internal/x/prerequisite-imports. Last mtime: Thu Jan 01 1970 06:47:18 GMT+0530 (India Standard Time), Current mtime: Thu Jan 01 1970 06:48:55 GMT+0530 (India Standard Time)
debug: Inspect cce:/internal/x/prerequisite-imports
debug: Resolve file:///Users/cocos/FirstProject2D/assets/Scripts/movement.ts from cce:/internal/x/prerequisite-imports as file:///Users/cocos/FirstProject2D/assets/Scripts/movement.ts.
debug: Detected change: file:///Users/cocos/FirstProject2D/assets/Scripts/movement.ts. Last mtime: Wed Sep 01 2021 15:49:45 GMT+0530 (India Standard Time), Current mtime: Wed Sep 01 2021 15:51:24 GMT+0530 (India Standard Time)
debug: Inspect file:///Users/cocos/FirstProject2D/assets/Scripts/movement.ts
debug: Resolve cc from file:///Users/cocos/FirstProject2D/assets/Scripts/movement.ts as cce:/internal/x/cc.
debug: Resolve cc from file:///Users/cocos/FirstProject2D/assets/Scripts/movement.ts as cce:/internal/x/cc.
debug: Target(preview) ends with cost 51.92839600145817ms.
debug: Dispatch build request for time accumulated 1 asset changes.
debug: Build iteration starts.
Number of accumulated asset changes: 1
Feature changed: false
debug: Target(editor) build started.
debug: Detected change: cce:/internal/x/prerequisite-imports. Last mtime: Thu Jan 01 1970 06:48:55 GMT+0530 (India Standard Time), Current mtime: Thu Jan 01 1970 06:53:32 GMT+0530 (India Standard Time)
debug: Inspect cce:/internal/x/prerequisite-imports
debug: Resolve file:///Users/cocos/FirstProject2D/assets/Scripts/movement.ts from cce:/internal/x/prerequisite-imports as file:///Users/cocos/FirstProject2D/assets/Scripts/movement.ts.
debug: Detected change: file:///Users/cocos/FirstProject2D/assets/Scripts/movement.ts. Last mtime: Wed Sep 01 2021 15:51:24 GMT+0530 (India Standard Time), Current mtime: Wed Sep 01 2021 15:54:20 GMT+0530 (India Standard Time)
debug: Inspect file:///Users/cocos/FirstProject2D/assets/Scripts/movement.ts
debug: Resolve cc from file:///Users/cocos/FirstProject2D/assets/Scripts/movement.ts as cce:/internal/x/cc.
debug: Resolve cc from file:///Users/cocos/FirstProject2D/assets/Scripts/movement.ts as cce:/internal/x/cc.
debug: Target(editor) ends with cost 62.681503999978304ms.
debug: Target(preview) build started.
debug: Detected change: cce:/internal/x/prerequisite-imports. Last mtime: Thu Jan 01 1970 06:48:55 GMT+0530 (India Standard Time), Current mtime: Thu Jan 01 1970 06:53:32 GMT+0530 (India Standard Time)
debug: Inspect cce:/internal/x/prerequisite-imports
debug: Resolve file:///Users/cocos/FirstProject2D/assets/Scripts/movement.ts from cce:/internal/x/prerequisite-imports as file:///Users/cocos/FirstProject2D/assets/Scripts/movement.ts.
debug: Detected change: file:///Users/cocos/FirstProject2D/assets/Scripts/movement.ts. Last mtime: Wed Sep 01 2021 15:51:24 GMT+0530 (India Standard Time), Current mtime: Wed Sep 01 2021 15:54:20 GMT+0530 (India Standard Time)
debug: Inspect file:///Users/cocos/FirstProject2D/assets/Scripts/movement.ts
debug: Resolve cc from file:///Users/cocos/FirstProject2D/assets/Scripts/movement.ts as cce:/internal/x/cc.
debug: Resolve cc from file:///Users/cocos/FirstProject2D/assets/Scripts/movement.ts as cce:/internal/x/cc.
debug: Target(preview) ends with cost 68.78192299976945ms.
debug: Dispatch build request for time accumulated 1 asset changes.
debug: Build iteration starts.
Number of accumulated asset changes: 1
Feature changed: false
debug: Target(editor) build started.
debug: Detected change: cce:/internal/x/prerequisite-imports. Last mtime: Thu Jan 01 1970 06:53:32 GMT+0530 (India Standard Time), Current mtime: Thu Jan 01 1970 06:56:01 GMT+0530 (India Standard Time)
debug: Inspect cce:/internal/x/prerequisite-imports
debug: Resolve file:///Users/cocos/FirstProject2D/assets/Scripts/movement.ts from cce:/internal/x/prerequisite-imports as file:///Users/cocos/FirstProject2D/assets/Scripts/movement.ts.
debug: Detected change: file:///Users/cocos/FirstProject2D/assets/Scripts/movement.ts. Last mtime: Wed Sep 01 2021 15:54:20 GMT+0530 (India Standard Time), Current mtime: Wed Sep 01 2021 15:58:29 GMT+0530 (India Standard Time)
debug: Inspect file:///Users/cocos/FirstProject2D/assets/Scripts/movement.ts
debug: Resolve cc from file:///Users/cocos/FirstProject2D/assets/Scripts/movement.ts as cce:/internal/x/cc.
debug: Resolve cc from file:///Users/cocos/FirstProject2D/assets/Scripts/movement.ts as cce:/internal/x/cc.
debug: Resolve cc from file:///Users/cocos/FirstProject2D/assets/Scripts/movement.ts as cce:/internal/x/cc.
debug: Target(editor) ends with cost 46.34873500093818ms.
debug: Target(preview) build started.
debug: Detected change: cce:/internal/x/prerequisite-imports. Last mtime: Thu Jan 01 1970 06:53:32 GMT+0530 (India Standard Time), Current mtime: Thu Jan 01 1970 06:56:01 GMT+0530 (India Standard Time)
debug: Inspect cce:/internal/x/prerequisite-imports
debug: Resolve file:///Users/cocos/FirstProject2D/assets/Scripts/movement.ts from cce:/internal/x/prerequisite-imports as file:///Users/cocos/FirstProject2D/assets/Scripts/movement.ts.
debug: Detected change: file:///Users/cocos/FirstProject2D/assets/Scripts/movement.ts. Last mtime: Wed Sep 01 2021 15:54:20 GMT+0530 (India Standard Time), Current mtime: Wed Sep 01 2021 15:58:29 GMT+0530 (India Standard Time)
debug: Inspect file:///Users/cocos/FirstProject2D/assets/Scripts/movement.ts
debug: Resolve cc from file:///Users/cocos/FirstProject2D/assets/Scripts/movement.ts as cce:/internal/x/cc.
debug: Resolve cc from file:///Users/cocos/FirstProject2D/assets/Scripts/movement.ts as cce:/internal/x/cc.
debug: Resolve cc from file:///Users/cocos/FirstProject2D/assets/Scripts/movement.ts as cce:/internal/x/cc.
debug: Target(preview) ends with cost 58.74381000176072ms.
debug: Dispatch build request for time accumulated 1 asset changes.
debug: Build iteration starts.
Number of accumulated asset changes: 1
Feature changed: false
debug: Target(editor) build started.
debug: Detected change: cce:/internal/x/prerequisite-imports. Last mtime: Thu Jan 01 1970 06:56:01 GMT+0530 (India Standard Time), Current mtime: Thu Jan 01 1970 06:56:31 GMT+0530 (India Standard Time)
debug: Inspect cce:/internal/x/prerequisite-imports
debug: Resolve file:///Users/cocos/FirstProject2D/assets/Scripts/movement.ts from cce:/internal/x/prerequisite-imports as file:///Users/cocos/FirstProject2D/assets/Scripts/movement.ts.
debug: Detected change: file:///Users/cocos/FirstProject2D/assets/Scripts/movement.ts. Last mtime: Wed Sep 01 2021 15:58:29 GMT+0530 (India Standard Time), Current mtime: Wed Sep 01 2021 15:59:00 GMT+0530 (India Standard Time)
debug: Inspect file:///Users/cocos/FirstProject2D/assets/Scripts/movement.ts
debug: Resolve cc from file:///Users/cocos/FirstProject2D/assets/Scripts/movement.ts as cce:/internal/x/cc.
debug: Resolve cc from file:///Users/cocos/FirstProject2D/assets/Scripts/movement.ts as cce:/internal/x/cc.
debug: Resolve cc from file:///Users/cocos/FirstProject2D/assets/Scripts/movement.ts as cce:/internal/x/cc.
debug: Target(editor) ends with cost 35.98207300156355ms.
debug: Target(preview) build started.
debug: Detected change: cce:/internal/x/prerequisite-imports. Last mtime: Thu Jan 01 1970 06:56:01 GMT+0530 (India Standard Time), Current mtime: Thu Jan 01 1970 06:56:31 GMT+0530 (India Standard Time)
debug: Inspect cce:/internal/x/prerequisite-imports
debug: Resolve file:///Users/cocos/FirstProject2D/assets/Scripts/movement.ts from cce:/internal/x/prerequisite-imports as file:///Users/cocos/FirstProject2D/assets/Scripts/movement.ts.
debug: Detected change: file:///Users/cocos/FirstProject2D/assets/Scripts/movement.ts. Last mtime: Wed Sep 01 2021 15:58:29 GMT+0530 (India Standard Time), Current mtime: Wed Sep 01 2021 15:59:00 GMT+0530 (India Standard Time)
debug: Inspect file:///Users/cocos/FirstProject2D/assets/Scripts/movement.ts
debug: Resolve cc from file:///Users/cocos/FirstProject2D/assets/Scripts/movement.ts as cce:/internal/x/cc.
debug: Resolve cc from file:///Users/cocos/FirstProject2D/assets/Scripts/movement.ts as cce:/internal/x/cc.
debug: Resolve cc from file:///Users/cocos/FirstProject2D/assets/Scripts/movement.ts as cce:/internal/x/cc.
debug: Target(preview) ends with cost 56.92885399982333ms.
debug: Dispatch build request for time accumulated 1 asset changes.
debug: Build iteration starts.
Number of accumulated asset changes: 1
Feature changed: false
debug: Target(editor) build started.
debug: Detected change: cce:/internal/x/prerequisite-imports. Last mtime: Thu Jan 01 1970 06:56:31 GMT+0530 (India Standard Time), Current mtime: Thu Jan 01 1970 06:57:00 GMT+0530 (India Standard Time)
debug: Inspect cce:/internal/x/prerequisite-imports
debug: Resolve file:///Users/cocos/FirstProject2D/assets/Scripts/movement.ts from cce:/internal/x/prerequisite-imports as file:///Users/cocos/FirstProject2D/assets/Scripts/movement.ts.
debug: Detected change: file:///Users/cocos/FirstProject2D/assets/Scripts/movement.ts. Last mtime: Wed Sep 01 2021 15:59:00 GMT+0530 (India Standard Time), Current mtime: Wed Sep 01 2021 15:59:29 GMT+0530 (India Standard Time)
debug: Inspect file:///Users/cocos/FirstProject2D/assets/Scripts/movement.ts
debug: Resolve cc from file:///Users/cocos/FirstProject2D/assets/Scripts/movement.ts as cce:/internal/x/cc.
debug: Resolve cc from file:///Users/cocos/FirstProject2D/assets/Scripts/movement.ts as cce:/internal/x/cc.
debug: Resolve cc from file:///Users/cocos/FirstProject2D/assets/Scripts/movement.ts as cce:/internal/x/cc.
debug: Target(editor) ends with cost 40.634647000581026ms.
debug: Target(preview) build started.
debug: Detected change: cce:/internal/x/prerequisite-imports. Last mtime: Thu Jan 01 1970 06:56:31 GMT+0530 (India Standard Time), Current mtime: Thu Jan 01 1970 06:57:01 GMT+0530 (India Standard Time)
debug: Inspect cce:/internal/x/prerequisite-imports
debug: Resolve file:///Users/cocos/FirstProject2D/assets/Scripts/movement.ts from cce:/internal/x/prerequisite-imports as file:///Users/cocos/FirstProject2D/assets/Scripts/movement.ts.
debug: Detected change: file:///Users/cocos/FirstProject2D/assets/Scripts/movement.ts. Last mtime: Wed Sep 01 2021 15:59:00 GMT+0530 (India Standard Time), Current mtime: Wed Sep 01 2021 15:59:29 GMT+0530 (India Standard Time)
debug: Inspect file:///Users/cocos/FirstProject2D/assets/Scripts/movement.ts
debug: Resolve cc from file:///Users/cocos/FirstProject2D/assets/Scripts/movement.ts as cce:/internal/x/cc.
debug: Resolve cc from file:///Users/cocos/FirstProject2D/assets/Scripts/movement.ts as cce:/internal/x/cc.
debug: Resolve cc from file:///Users/cocos/FirstProject2D/assets/Scripts/movement.ts as cce:/internal/x/cc.
debug: Target(preview) ends with cost 53.621380001306534ms.
